2021-03-18 15:55:51.550 DEBUG 10056 --- [main] org.hibernate.SQL                        : create table cassiera (id bigint not null, codice_fiscale varchar(255), cognome varchar(255), nome varchar(255), primary key (id)) engine=InnoDB
2021-03-18 15:55:51.854 DEBUG 10056 --- [main] org.hibernate.SQL                        : create table hibernate_sequence (next_val bigint) engine=InnoDB
2021-03-18 15:55:52.167 DEBUG 10056 --- [main] org.hibernate.SQL                        : insert into hibernate_sequence values ( 1 )
2021-03-18 15:55:52.227 DEBUG 10056 --- [main] org.hibernate.SQL                        : create table scontrino (id bigint not null, numero integer, timestamp datetime, totale double precision, cassiera_id bigint, primary key (id)) engine=InnoDB
2021-03-18 15:55:53.135 DEBUG 10056 --- [main] org.hibernate.SQL                        : alter table scontrino add constraint FK99lta84lh5hb7wud13jw4fh3f foreign key (cassiera_id) references cassiera (id)
2021-03-18 15:55:54.299  WARN 10056 --- [main] JpaBaseConfiguration$JpaWebConfiguration : spring.jpa.open-in-view is enabled by default. Therefore, database queries may be performed during view rendering. Explicitly configure spring.jpa.open-in-view to disable this warning
2021-03-18 17:11:41.730 DEBUG 8480 --- [main] org.hibernate.SQL                        : create table cassa (id bigint not null, codice varchar(255), primary key (id)) engine=InnoDB
2021-03-18 17:11:41.828 DEBUG 8480 --- [main] org.hibernate.SQL                        : create table cassiera (id bigint not null, codice_fiscale varchar(255), cognome varchar(255), nome varchar(255), primary key (id)) engine=InnoDB
2021-03-18 17:11:41.879 DEBUG 8480 --- [main] org.hibernate.SQL                        : create table hibernate_sequence (next_val bigint) engine=InnoDB
2021-03-18 17:11:41.948 DEBUG 8480 --- [main] org.hibernate.SQL                        : insert into hibernate_sequence values ( 1 )
2021-03-18 17:11:42.062 DEBUG 8480 --- [main] org.hibernate.SQL                        : create table prodotto (id bigint not null, codice varchar(255), descrizione varchar(255), ean varchar(255), lotto_riordino integer, prezzo double precision, scorta_minima_mag integer, scorta_minima_scaf integer, primary key (id)) engine=InnoDB
2021-03-18 17:11:42.148 DEBUG 8480 --- [main] org.hibernate.SQL                        : create table prodotto_sconti (prodotti_id bigint not null, sconti_id bigint not null, primary key (prodotti_id, sconti_id)) engine=InnoDB
2021-03-18 17:11:42.211 DEBUG 8480 --- [main] org.hibernate.SQL                        : create table sconti (id bigint not null, alla_data date, codice varchar(255), dalla_data date, descrizione varchar(255), sconto double precision, primary key (id)) engine=InnoDB
2021-03-18 17:11:42.295 DEBUG 8480 --- [main] org.hibernate.SQL                        : create table sconto (id bigint not null, alla_data date, codice varchar(255), dalla_data date, descrizione varchar(255), sconto double precision, primary key (id)) engine=InnoDB
2021-03-18 17:11:42.365 DEBUG 8480 --- [main] org.hibernate.SQL                        : create table scontrino (id bigint not null, numero integer, timestamp datetime, totale double precision, cassa_id bigint, cassiera_id bigint, primary key (id)) engine=InnoDB
2021-03-18 17:11:42.431 DEBUG 8480 --- [main] org.hibernate.SQL                        : alter table prodotto_sconti add constraint FKa0n3bkhbn1naend4s93nqpwq5 foreign key (sconti_id) references sconto (id)
2021-03-18 17:11:42.603 DEBUG 8480 --- [main] org.hibernate.SQL                        : alter table prodotto_sconti add constraint FK8k5k41nhdbpnlhpb2y4s7du5t foreign key (prodotti_id) references prodotto (id)
2021-03-18 17:11:42.713 DEBUG 8480 --- [main] org.hibernate.SQL                        : alter table scontrino add constraint FKepc48lunr8h0jysseixkl22x0 foreign key (cassa_id) references cassa (id)
2021-03-18 17:11:42.829 DEBUG 8480 --- [main] org.hibernate.SQL                        : alter table scontrino add constraint FK99lta84lh5hb7wud13jw4fh3f foreign key (cassiera_id) references cassiera (id)
2021-03-18 17:11:44.404  WARN 8480 --- [main] JpaBaseConfiguration$JpaWebConfiguration : spring.jpa.open-in-view is enabled by default. Therefore, database queries may be performed during view rendering. Explicitly configure spring.jpa.open-in-view to disable this warning
